生成启动时间为 2018/9/6 17:19:05。
     1>项目“C:\Users\lb\Desktop\baokai\自定义Skill实地版\shoot\shoot\shoot.vcxproj”在节点 2 上(Build 个目标)。
     1>ClCompile:
         D:\vs2013\VC\bin\CL.exe /c /I"C:\Users\lb\Desktop\baokai\自定义Skill实地版\shoot\worldmodel_lib" /ZI /nologo /W3 /WX- /Od /Oy- /D WIN32 /D _DEBUG /D _WINDOWS /D _USRDLL /D SHOOT_EXPORTS /D _WINDLL /D _UNICODE /D UNICODE /Gm /EHsc /RTC1 /MDd /GS /fp:precise /Zc:wchar_t /Zc:forScope /Fo"Debug\\" /Fd"Debug\vc120.pdb" /Gd /TP /analyze- /errorReport:prompt src\shoot.cpp
         shoot.cpp
     1>c:\users\lb\desktop\baokai\自定义skill实地版\shoot\shoot\src\utils\vector.h(662): warning C4244: “参数”: 从“double”转换到“float”，可能丢失数据
     1>c:\users\lb\desktop\baokai\自定义skill实地版\shoot\shoot\src\utils\game_state.h(125): warning C4800: “const int”: 将值强制为布尔值“true”或“false”(性能警告)
     1>c:\users\lb\desktop\baokai\自定义skill实地版\shoot\shoot\src\utils\game_state.h(129): warning C4800: “const int”: 将值强制为布尔值“true”或“false”(性能警告)
     1>c:\users\lb\desktop\baokai\自定义skill实地版\shoot\shoot\src\utils\game_state.h(133): warning C4800: “const int”: 将值强制为布尔值“true”或“false”(性能警告)
     1>c:\users\lb\desktop\baokai\自定义skill实地版\shoot\shoot\src\utils\game_state.h(137): warning C4800: “const int”: 将值强制为布尔值“true”或“false”(性能警告)
     1>c:\users\lb\desktop\baokai\自定义skill实地版\shoot\shoot\src\utils\game_state.h(141): warning C4800: “const int”: 将值强制为布尔值“true”或“false”(性能警告)
     1>c:\users\lb\desktop\baokai\自定义skill实地版\shoot\shoot\src\shoot.cpp(4): warning C4190: “player_plan”有指定的 C 链接，但返回了与 C 不兼容的 UDT“PlayerTask”
                 c:\users\lb\desktop\baokai\自定义skill实地版\shoot\shoot\src\utils\playertask.h(30) : 参见“PlayerTask”的声明
     1>c:\users\lb\desktop\baokai\自定义skill实地版\shoot\shoot\src\shoot.cpp(19): warning C4305: “初始化”: 从“double”到“const float”截断
     1>c:\users\lb\desktop\baokai\自定义skill实地版\shoot\shoot\src\shoot.cpp(21): warning C4305: “初始化”: 从“double”到“const float”截断
       Link:
         D:\vs2013\VC\bin\link.exe /ERRORREPORT:PROMPT /OUT:"C:\Users\lb\Desktop\baokai\自定义Skill实地版\shoot\Debug\shoot.dll" /INCREMENTAL /NOLOGO /LIBPATH:"C:\Users\lb\Desktop\baokai\自定义Skill实地版\shoot\worldmodel_lib" worldmodel_lib.lib kernel32.lib user32.lib gdi32.lib winspool.lib comdlg32.lib advapi32.lib shell32.lib ole32.lib oleaut32.lib uuid.lib odbc32.lib odbccp32.lib /MANIFEST /MANIFESTUAC:"level='asInvoker' uiAccess='false'" /manifest:embed /DEBUG /PDB:"C:\Users\lb\Desktop\baokai\自定义Skill实地版\shoot\Debug\shoot.pdb" /SUBSYSTEM:WINDOWS /TLBID:1 /DYNAMICBASE /NXCOMPAT /IMPLIB:"C:\Users\lb\Desktop\baokai\自定义Skill实地版\shoot\Debug\shoot.lib" /MACHINE:X86 /DLL Debug\shoot.obj
         Debug\maths.obj
         shoot.vcxproj -> C:\Users\lb\Desktop\baokai\自定义Skill实地版\shoot\Debug\shoot.dll
     1>已完成生成项目“C:\Users\lb\Desktop\baokai\自定义Skill实地版\shoot\shoot\shoot.vcxproj”(Build 个目标)的操作。

生成成功。

已用时间 00:00:01.23
